mode: atomic
github.com/zhaoyunxing92/dingtalk/v2/request/delete_role.go:24.40,26.2 1 0
github.com/zhaoyunxing92/dingtalk/v2/request/get_industry_dept.go:30.65,32.2 1 0
github.com/zhaoyunxing92/dingtalk/v2/request/recall_corp_conv.go:32.73,34.2 1 0
github.com/zhaoyunxing92/dingtalk/v2/request/recall_corp_conv.go:36.94,39.2 2 0
github.com/zhaoyunxing92/dingtalk/v2/request/recall_corp_conv.go:41.71,43.2 1 0
github.com/zhaoyunxing92/dingtalk/v2/request/suite_access_token.go:33.53,35.2 1 0
github.com/zhaoyunxing92/dingtalk/v2/request/suite_access_token.go:37.79,40.2 2 0
github.com/zhaoyunxing92/dingtalk/v2/request/suite_access_token.go:42.85,45.2 2 0
github.com/zhaoyunxing92/dingtalk/v2/request/suite_access_token.go:47.85,50.2 2 0
github.com/zhaoyunxing92/dingtalk/v2/request/suite_access_token.go:52.61,54.2 1 0
github.com/zhaoyunxing92/dingtalk/v2/request/auth_info.go:25.53,27.2 1 0
github.com/zhaoyunxing92/dingtalk/v2/request/dept_user_id.go:25.44,28.2 1 0
github.com/zhaoyunxing92/dingtalk/v2/request/mobile_get_user_id.go:24.57,27.2 1 0
github.com/zhaoyunxing92/dingtalk/v2/request/update_chat.go:95.39,98.2 2 0
github.com/zhaoyunxing92/dingtalk/v2/request/update_chat.go:104.54,107.2 1 1
github.com/zhaoyunxing92/dingtalk/v2/request/update_chat.go:109.70,112.2 2 0
github.com/zhaoyunxing92/dingtalk/v2/request/update_chat.go:114.73,117.2 2 0
github.com/zhaoyunxing92/dingtalk/v2/request/update_chat.go:119.95,122.2 2 1
github.com/zhaoyunxing92/dingtalk/v2/request/update_chat.go:124.95,127.2 2 1
github.com/zhaoyunxing92/dingtalk/v2/request/update_chat.go:129.95,132.2 2 1
github.com/zhaoyunxing92/dingtalk/v2/request/update_chat.go:134.98,137.2 2 1
github.com/zhaoyunxing92/dingtalk/v2/request/update_chat.go:139.73,142.2 2 0
github.com/zhaoyunxing92/dingtalk/v2/request/update_chat.go:149.77,152.2 2 1
github.com/zhaoyunxing92/dingtalk/v2/request/update_chat.go:159.75,162.2 2 0
github.com/zhaoyunxing92/dingtalk/v2/request/update_chat.go:169.75,172.2 2 0
github.com/zhaoyunxing92/dingtalk/v2/request/update_chat.go:179.97,182.2 2 0
github.com/zhaoyunxing92/dingtalk/v2/request/update_chat.go:188.87,191.2 2 0
github.com/zhaoyunxing92/dingtalk/v2/request/update_chat.go:196.87,199.2 2 0
github.com/zhaoyunxing92/dingtalk/v2/request/update_chat.go:201.50,208.2 6 1
github.com/zhaoyunxing92/dingtalk/v2/request/create_role.go:27.58,29.2 1 0
github.com/zhaoyunxing92/dingtalk/v2/request/delete_ext_contact.go:24.59,26.2 1 0
github.com/zhaoyunxing92/dingtalk/v2/request/msg_progress.go:32.61,34.2 1 0
github.com/zhaoyunxing92/dingtalk/v2/request/msg_progress.go:36.82,39.2 2 0
github.com/zhaoyunxing92/dingtalk/v2/request/msg_progress.go:41.59,43.2 1 0
github.com/zhaoyunxing92/dingtalk/v2/request/role_user.go:31.54,34.2 1 0
github.com/zhaoyunxing92/dingtalk/v2/request/send_template_msg.go:50.89,52.2 1 1
github.com/zhaoyunxing92/dingtalk/v2/request/send_template_msg.go:54.112,57.2 2 1
github.com/zhaoyunxing92/dingtalk/v2/request/send_template_msg.go:59.106,62.2 2 0
github.com/zhaoyunxing92/dingtalk/v2/request/send_template_msg.go:64.94,66.17 2 2
github.com/zhaoyunxing92/dingtalk/v2/request/send_template_msg.go:69.2,71.11 3 2
github.com/zhaoyunxing92/dingtalk/v2/request/send_template_msg.go:66.17,68.3 1 0
github.com/zhaoyunxing92/dingtalk/v2/request/send_template_msg.go:74.101,76.17 2 1
github.com/zhaoyunxing92/dingtalk/v2/request/send_template_msg.go:83.2,84.11 2 1
github.com/zhaoyunxing92/dingtalk/v2/request/send_template_msg.go:76.17,77.25 1 0
github.com/zhaoyunxing92/dingtalk/v2/request/send_template_msg.go:77.25,79.4 1 0
github.com/zhaoyunxing92/dingtalk/v2/request/send_template_msg.go:80.8,82.3 1 1
github.com/zhaoyunxing92/dingtalk/v2/request/send_template_msg.go:87.68,91.44 4 1
github.com/zhaoyunxing92/dingtalk/v2/request/send_template_msg.go:94.2,102.12 7 1
github.com/zhaoyunxing92/dingtalk/v2/request/send_template_msg.go:91.44,92.59 1 0
github.com/zhaoyunxing92/dingtalk/v2/request/sub_dept_list.go:24.38,26.2 1 0
github.com/zhaoyunxing92/dingtalk/v2/request/create_dept.go:100.39,103.2 2 4
github.com/zhaoyunxing92/dingtalk/v2/request/create_dept.go:109.67,111.2 1 4
github.com/zhaoyunxing92/dingtalk/v2/request/create_dept.go:113.73,116.2 2 4
github.com/zhaoyunxing92/dingtalk/v2/request/create_dept.go:117.93,120.2 2 4
github.com/zhaoyunxing92/dingtalk/v2/request/create_dept.go:122.99,125.2 2 1
github.com/zhaoyunxing92/dingtalk/v2/request/create_dept.go:127.75,130.2 2 3
github.com/zhaoyunxing92/dingtalk/v2/request/create_dept.go:132.82,133.23 1 0
github.com/zhaoyunxing92/dingtalk/v2/request/create_dept.go:136.2,136.12 1 0
github.com/zhaoyunxing92/dingtalk/v2/request/create_dept.go:133.23,135.3 1 0
github.com/zhaoyunxing92/dingtalk/v2/request/create_dept.go:139.106,142.2 2 2
github.com/zhaoyunxing92/dingtalk/v2/request/create_dept.go:144.100,147.2 2 3
github.com/zhaoyunxing92/dingtalk/v2/request/create_dept.go:149.81,152.2 2 0
github.com/zhaoyunxing92/dingtalk/v2/request/create_dept.go:153.84,156.2 2 0
github.com/zhaoyunxing92/dingtalk/v2/request/create_dept.go:158.71,161.2 2 4
github.com/zhaoyunxing92/dingtalk/v2/request/create_dept.go:163.81,166.2 2 0
github.com/zhaoyunxing92/dingtalk/v2/request/create_dept.go:168.51,181.48 10 4
github.com/zhaoyunxing92/dingtalk/v2/request/create_dept.go:186.2,186.50 1 4
github.com/zhaoyunxing92/dingtalk/v2/request/create_dept.go:190.2,190.11 1 4
github.com/zhaoyunxing92/dingtalk/v2/request/create_dept.go:181.48,185.3 2 3
github.com/zhaoyunxing92/dingtalk/v2/request/create_dept.go:186.50,189.3 2 3
github.com/zhaoyunxing92/dingtalk/v2/request/dept_detail_user_info.go:56.81,58.2 1 0
github.com/zhaoyunxing92/dingtalk/v2/request/dept_detail_user_info.go:73.99,76.2 2 0
github.com/zhaoyunxing92/dingtalk/v2/request/dept_detail_user_info.go:79.113,82.2 2 0
github.com/zhaoyunxing92/dingtalk/v2/request/dept_detail_user_info.go:85.95,88.2 2 0
github.com/zhaoyunxing92/dingtalk/v2/request/dept_detail_user_info.go:90.67,92.2 1 0
github.com/zhaoyunxing92/dingtalk/v2/request/create_user.go:77.39,80.2 2 1
github.com/zhaoyunxing92/dingtalk/v2/request/create_user.go:96.46,98.2 1 2
github.com/zhaoyunxing92/dingtalk/v2/request/create_user.go:100.53,102.2 1 0
github.com/zhaoyunxing92/dingtalk/v2/request/create_user.go:108.86,113.2 4 1
github.com/zhaoyunxing92/dingtalk/v2/request/create_user.go:116.70,119.2 2 0
github.com/zhaoyunxing92/dingtalk/v2/request/create_user.go:122.74,125.2 2 0
github.com/zhaoyunxing92/dingtalk/v2/request/create_user.go:128.74,131.2 2 0
github.com/zhaoyunxing92/dingtalk/v2/request/create_user.go:134.74,137.2 2 0
github.com/zhaoyunxing92/dingtalk/v2/request/create_user.go:140.74,143.2 2 0
github.com/zhaoyunxing92/dingtalk/v2/request/create_user.go:146.88,149.2 2 0
github.com/zhaoyunxing92/dingtalk/v2/request/create_user.go:152.72,155.2 2 0
github.com/zhaoyunxing92/dingtalk/v2/request/create_user.go:158.72,161.2 2 0
github.com/zhaoyunxing92/dingtalk/v2/request/create_user.go:164.78,167.2 2 0
github.com/zhaoyunxing92/dingtalk/v2/request/create_user.go:170.86,173.2 2 0
github.com/zhaoyunxing92/dingtalk/v2/request/create_user.go:176.74,179.2 2 0
github.com/zhaoyunxing92/dingtalk/v2/request/create_user.go:182.80,185.2 2 0
github.com/zhaoyunxing92/dingtalk/v2/request/create_user.go:188.79,191.2 2 2
github.com/zhaoyunxing92/dingtalk/v2/request/create_user.go:194.86,197.2 2 0
github.com/zhaoyunxing92/dingtalk/v2/request/create_user.go:200.74,203.2 2 0
github.com/zhaoyunxing92/dingtalk/v2/request/create_user.go:208.76,211.2 2 0
github.com/zhaoyunxing92/dingtalk/v2/request/create_user.go:214.76,217.2 2 0
github.com/zhaoyunxing92/dingtalk/v2/request/create_user.go:220.82,223.2 2 0
github.com/zhaoyunxing92/dingtalk/v2/request/create_user.go:226.85,229.2 2 0
github.com/zhaoyunxing92/dingtalk/v2/request/create_user.go:231.98,234.2 2 0
github.com/zhaoyunxing92/dingtalk/v2/request/create_user.go:236.76,239.2 2 0
github.com/zhaoyunxing92/dingtalk/v2/request/create_user.go:241.73,244.2 2 0
github.com/zhaoyunxing92/dingtalk/v2/request/create_user.go:246.50,249.2 2 1
github.com/zhaoyunxing92/dingtalk/v2/request/role_list.go:29.46,32.2 1 0
github.com/zhaoyunxing92/dingtalk/v2/request/delete_user.go:26.38,29.2 2 0
github.com/zhaoyunxing92/dingtalk/v2/request/delete_user.go:30.47,32.2 1 0
github.com/zhaoyunxing92/dingtalk/v2/request/dept_detail.go:31.51,33.2 1 0
github.com/zhaoyunxing92/dingtalk/v2/request/dept_detail.go:35.78,38.2 2 0
github.com/zhaoyunxing92/dingtalk/v2/request/dept_detail.go:40.50,42.2 1 0
github.com/zhaoyunxing92/dingtalk/v2/request/unionid_get_user_id.go:24.60,27.2 1 0
github.com/zhaoyunxing92/dingtalk/v2/request/create_ext_contact.go:62.44,65.2 2 1
github.com/zhaoyunxing92/dingtalk/v2/request/create_ext_contact.go:71.108,75.2 1 1
github.com/zhaoyunxing92/dingtalk/v2/request/create_ext_contact.go:77.84,80.2 2 1
github.com/zhaoyunxing92/dingtalk/v2/request/create_ext_contact.go:82.94,87.2 4 1
github.com/zhaoyunxing92/dingtalk/v2/request/create_ext_contact.go:89.88,92.2 2 1
github.com/zhaoyunxing92/dingtalk/v2/request/create_ext_contact.go:94.86,97.2 2 1
github.com/zhaoyunxing92/dingtalk/v2/request/create_ext_contact.go:100.89,103.2 2 1
github.com/zhaoyunxing92/dingtalk/v2/request/create_ext_contact.go:106.100,111.2 4 1
github.com/zhaoyunxing92/dingtalk/v2/request/create_ext_contact.go:113.62,118.2 4 1
github.com/zhaoyunxing92/dingtalk/v2/request/create_role_group.go:25.55,27.2 1 0
github.com/zhaoyunxing92/dingtalk/v2/request/role_detail.go:24.40,26.2 1 0
github.com/zhaoyunxing92/dingtalk/v2/request/update_user.go:98.38,101.2 2 1
github.com/zhaoyunxing92/dingtalk/v2/request/update_user.go:107.54,109.2 1 1
github.com/zhaoyunxing92/dingtalk/v2/request/update_user.go:112.70,115.2 2 0
github.com/zhaoyunxing92/dingtalk/v2/request/update_user.go:118.74,121.2 2 0
github.com/zhaoyunxing92/dingtalk/v2/request/update_user.go:124.74,127.2 2 1
github.com/zhaoyunxing92/dingtalk/v2/request/update_user.go:130.74,133.2 2 0
github.com/zhaoyunxing92/dingtalk/v2/request/update_user.go:136.74,139.2 2 0
github.com/zhaoyunxing92/dingtalk/v2/request/update_user.go:142.88,145.2 2 0
github.com/zhaoyunxing92/dingtalk/v2/request/update_user.go:148.72,151.2 2 0
github.com/zhaoyunxing92/dingtalk/v2/request/update_user.go:154.72,157.2 2 0
github.com/zhaoyunxing92/dingtalk/v2/request/update_user.go:160.78,163.2 2 0
github.com/zhaoyunxing92/dingtalk/v2/request/update_user.go:166.86,169.2 2 0
github.com/zhaoyunxing92/dingtalk/v2/request/update_user.go:172.74,175.2 2 0
github.com/zhaoyunxing92/dingtalk/v2/request/update_user.go:178.80,181.2 2 0
github.com/zhaoyunxing92/dingtalk/v2/request/update_user.go:184.79,187.2 2 0
github.com/zhaoyunxing92/dingtalk/v2/request/update_user.go:190.86,193.2 2 0
github.com/zhaoyunxing92/dingtalk/v2/request/update_user.go:196.74,199.2 2 0
github.com/zhaoyunxing92/dingtalk/v2/request/update_user.go:204.76,207.2 2 0
github.com/zhaoyunxing92/dingtalk/v2/request/update_user.go:210.76,213.2 2 0
github.com/zhaoyunxing92/dingtalk/v2/request/update_user.go:216.78,219.2 2 0
github.com/zhaoyunxing92/dingtalk/v2/request/update_user.go:222.102,227.2 4 2
github.com/zhaoyunxing92/dingtalk/v2/request/update_user.go:230.76,233.2 2 1
github.com/zhaoyunxing92/dingtalk/v2/request/update_user.go:236.78,239.2 2 0
github.com/zhaoyunxing92/dingtalk/v2/request/update_user.go:241.50,246.2 4 1
github.com/zhaoyunxing92/dingtalk/v2/request/user_count.go:25.43,27.2 1 0
github.com/zhaoyunxing92/dingtalk/v2/request/agent_info.go:26.63,28.2 1 0
github.com/zhaoyunxing92/dingtalk/v2/request/dept_parent_by_user.go:24.67,26.2 1 0
github.com/zhaoyunxing92/dingtalk/v2/request/user_detail.go:29.38,32.2 2 0
github.com/zhaoyunxing92/dingtalk/v2/request/user_detail.go:38.54,40.2 1 1
github.com/zhaoyunxing92/dingtalk/v2/request/user_detail.go:43.78,46.2 2 1
github.com/zhaoyunxing92/dingtalk/v2/request/user_detail.go:48.50,50.2 1 1
github.com/zhaoyunxing92/dingtalk/v2/request/chat_friend_switch.go:30.74,32.2 1 0
github.com/zhaoyunxing92/dingtalk/v2/request/dept_lsit.go:34.37,36.2 1 0
github.com/zhaoyunxing92/dingtalk/v2/request/dept_lsit.go:38.67,41.2 2 0
github.com/zhaoyunxing92/dingtalk/v2/request/dept_lsit.go:43.74,46.2 2 0
github.com/zhaoyunxing92/dingtalk/v2/request/dept_lsit.go:48.46,50.2 1 0
github.com/zhaoyunxing92/dingtalk/v2/request/get_industry_dept_detail.go:24.63,26.2 1 0
github.com/zhaoyunxing92/dingtalk/v2/request/update_corp_conv_status.go:37.91,39.2 1 0
github.com/zhaoyunxing92/dingtalk/v2/request/update_corp_conv_status.go:41.98,44.2 2 0
github.com/zhaoyunxing92/dingtalk/v2/request/update_corp_conv_status.go:46.105,49.2 2 0
github.com/zhaoyunxing92/dingtalk/v2/request/update_corp_conv_status.go:51.75,53.2 1 0
github.com/zhaoyunxing92/dingtalk/v2/request/activate_suite.go:26.64,28.2 1 0
github.com/zhaoyunxing92/dingtalk/v2/request/chat_qrcode.go:28.55,30.2 1 0
github.com/zhaoyunxing92/dingtalk/v2/request/request.go:31.59,32.20 1 27
github.com/zhaoyunxing92/dingtalk/v2/request/request.go:35.2,36.26 2 17
github.com/zhaoyunxing92/dingtalk/v2/request/request.go:42.2,42.12 1 17
github.com/zhaoyunxing92/dingtalk/v2/request/request.go:32.20,34.3 1 10
github.com/zhaoyunxing92/dingtalk/v2/request/request.go:36.26,37.50 1 52
github.com/zhaoyunxing92/dingtalk/v2/request/request.go:40.3,40.24 1 32
github.com/zhaoyunxing92/dingtalk/v2/request/request.go:37.50,38.12 1 20
github.com/zhaoyunxing92/dingtalk/v2/request/request.go:46.61,47.20 1 17
github.com/zhaoyunxing92/dingtalk/v2/request/request.go:50.2,51.26 2 14
github.com/zhaoyunxing92/dingtalk/v2/request/request.go:57.2,57.12 1 14
github.com/zhaoyunxing92/dingtalk/v2/request/request.go:47.20,49.3 1 3
github.com/zhaoyunxing92/dingtalk/v2/request/request.go:51.26,52.45 1 45
github.com/zhaoyunxing92/dingtalk/v2/request/request.go:55.3,55.38 1 41
github.com/zhaoyunxing92/dingtalk/v2/request/request.go:52.45,53.12 1 4
github.com/zhaoyunxing92/dingtalk/v2/request/request.go:61.50,62.20 1 23
github.com/zhaoyunxing92/dingtalk/v2/request/request.go:65.2,66.26 2 18
github.com/zhaoyunxing92/dingtalk/v2/request/request.go:72.2,72.12 1 18
github.com/zhaoyunxing92/dingtalk/v2/request/request.go:62.20,64.3 1 5
github.com/zhaoyunxing92/dingtalk/v2/request/request.go:66.26,67.45 1 79
github.com/zhaoyunxing92/dingtalk/v2/request/request.go:70.3,70.24 1 49
github.com/zhaoyunxing92/dingtalk/v2/request/request.go:67.45,68.12 1 30
github.com/zhaoyunxing92/dingtalk/v2/request/delete_dept.go:26.44,28.2 1 1
github.com/zhaoyunxing92/dingtalk/v2/request/delete_dept.go:30.38,33.2 2 1
github.com/zhaoyunxing92/dingtalk/v2/request/incative_user.go:48.87,50.2 1 1
github.com/zhaoyunxing92/dingtalk/v2/request/incative_user.go:52.94,58.2 5 1
github.com/zhaoyunxing92/dingtalk/v2/request/incative_user.go:60.59,63.2 2 1
github.com/zhaoyunxing92/dingtalk/v2/request/incative_user.go:65.62,68.29 3 1
github.com/zhaoyunxing92/dingtalk/v2/request/incative_user.go:74.2,74.12 1 1
github.com/zhaoyunxing92/dingtalk/v2/request/incative_user.go:68.29,69.35 1 5
github.com/zhaoyunxing92/dingtalk/v2/request/incative_user.go:72.3,72.24 1 3
github.com/zhaoyunxing92/dingtalk/v2/request/incative_user.go:69.35,70.12 1 2
github.com/zhaoyunxing92/dingtalk/v2/request/role_add_user.go:37.39,40.2 2 0
github.com/zhaoyunxing92/dingtalk/v2/request/role_add_user.go:42.67,46.2 3 1
github.com/zhaoyunxing92/dingtalk/v2/request/update_dept.go:152.38,155.2 2 4
github.com/zhaoyunxing92/dingtalk/v2/request/update_dept.go:161.48,163.2 1 4
github.com/zhaoyunxing92/dingtalk/v2/request/update_dept.go:165.71,168.2 2 0
github.com/zhaoyunxing92/dingtalk/v2/request/update_dept.go:170.72,173.2 2 0
github.com/zhaoyunxing92/dingtalk/v2/request/update_dept.go:175.73,178.2 2 4
github.com/zhaoyunxing92/dingtalk/v2/request/update_dept.go:181.93,186.2 2 4
github.com/zhaoyunxing92/dingtalk/v2/request/update_dept.go:189.99,194.2 2 1
github.com/zhaoyunxing92/dingtalk/v2/request/update_dept.go:196.75,199.2 2 3
github.com/zhaoyunxing92/dingtalk/v2/request/update_dept.go:201.82,202.58 1 1
github.com/zhaoyunxing92/dingtalk/v2/request/update_dept.go:205.2,205.12 1 1
github.com/zhaoyunxing92/dingtalk/v2/request/update_dept.go:202.58,204.3 1 0
github.com/zhaoyunxing92/dingtalk/v2/request/update_dept.go:208.106,213.2 2 2
github.com/zhaoyunxing92/dingtalk/v2/request/update_dept.go:215.100,220.2 2 3
github.com/zhaoyunxing92/dingtalk/v2/request/update_dept.go:222.81,225.2 2 0
github.com/zhaoyunxing92/dingtalk/v2/request/update_dept.go:226.84,229.2 2 0
github.com/zhaoyunxing92/dingtalk/v2/request/update_dept.go:231.71,234.2 2 4
github.com/zhaoyunxing92/dingtalk/v2/request/update_dept.go:236.81,239.2 2 0
github.com/zhaoyunxing92/dingtalk/v2/request/update_dept.go:241.76,244.2 2 0
github.com/zhaoyunxing92/dingtalk/v2/request/update_dept.go:246.109,249.2 2 0
github.com/zhaoyunxing92/dingtalk/v2/request/update_dept.go:251.51,266.48 10 4
github.com/zhaoyunxing92/dingtalk/v2/request/update_dept.go:270.2,270.50 1 4
github.com/zhaoyunxing92/dingtalk/v2/request/update_dept.go:274.2,274.11 1 4
github.com/zhaoyunxing92/dingtalk/v2/request/update_dept.go:266.48,269.3 2 3
github.com/zhaoyunxing92/dingtalk/v2/request/update_dept.go:270.50,273.3 2 3
github.com/zhaoyunxing92/dingtalk/v2/request/dept_simple_user_info.go:57.81,59.2 1 0
github.com/zhaoyunxing92/dingtalk/v2/request/dept_simple_user_info.go:74.99,77.2 2 0
github.com/zhaoyunxing92/dingtalk/v2/request/dept_simple_user_info.go:80.113,83.2 2 0
github.com/zhaoyunxing92/dingtalk/v2/request/dept_simple_user_info.go:86.95,89.2 2 0
github.com/zhaoyunxing92/dingtalk/v2/request/dept_simple_user_info.go:91.67,93.2 1 0
github.com/zhaoyunxing92/dingtalk/v2/request/get_ext_contact_label.go:28.66,30.2 1 0
github.com/zhaoyunxing92/dingtalk/v2/request/get_ext_contact_detail.go:25.65,27.2 1 0
github.com/zhaoyunxing92/dingtalk/v2/request/update_role.go:27.53,29.2 1 0
github.com/zhaoyunxing92/dingtalk/v2/request/corp_conv_msg.go:50.70,52.2 1 1
github.com/zhaoyunxing92/dingtalk/v2/request/corp_conv_msg.go:54.83,57.2 2 1
github.com/zhaoyunxing92/dingtalk/v2/request/corp_conv_msg.go:59.104,62.2 2 1
github.com/zhaoyunxing92/dingtalk/v2/request/corp_conv_msg.go:64.98,67.2 2 0
github.com/zhaoyunxing92/dingtalk/v2/request/corp_conv_msg.go:69.80,72.2 2 0
github.com/zhaoyunxing92/dingtalk/v2/request/corp_conv_msg.go:74.60,82.2 6 1
github.com/zhaoyunxing92/dingtalk/v2/request/admin_user_scope.go:26.42,29.2 2 0
github.com/zhaoyunxing92/dingtalk/v2/request/admin_user_scope.go:30.55,32.2 1 0
github.com/zhaoyunxing92/dingtalk/v2/request/chat_set_user_nick.go:31.71,34.2 1 0
github.com/zhaoyunxing92/dingtalk/v2/request/role_group.go:25.38,27.2 1 0
github.com/zhaoyunxing92/dingtalk/v2/request/set_chat_sub_admin.go:32.75,35.2 1 0
github.com/zhaoyunxing92/dingtalk/v2/request/set_user_role_manage_scope.go:37.50,40.2 2 1
github.com/zhaoyunxing92/dingtalk/v2/request/set_user_role_manage_scope.go:46.90,49.2 1 1
github.com/zhaoyunxing92/dingtalk/v2/request/set_user_role_manage_scope.go:51.111,56.2 4 0
github.com/zhaoyunxing92/dingtalk/v2/request/set_user_role_manage_scope.go:58.73,61.2 2 1
github.com/zhaoyunxing92/dingtalk/v2/request/corp_access_token.go:25.57,27.2 1 0
github.com/zhaoyunxing92/dingtalk/v2/request/creat_chat.go:76.76,79.2 2 1
github.com/zhaoyunxing92/dingtalk/v2/request/creat_chat.go:86.75,89.2 2 0
github.com/zhaoyunxing92/dingtalk/v2/request/creat_chat.go:96.73,99.2 2 0
github.com/zhaoyunxing92/dingtalk/v2/request/creat_chat.go:106.73,109.2 2 0
github.com/zhaoyunxing92/dingtalk/v2/request/creat_chat.go:116.95,119.2 2 0
github.com/zhaoyunxing92/dingtalk/v2/request/creat_chat.go:125.85,128.2 2 0
github.com/zhaoyunxing92/dingtalk/v2/request/creat_chat.go:133.85,136.2 2 0
github.com/zhaoyunxing92/dingtalk/v2/request/creat_chat.go:138.48,140.2 1 1
github.com/zhaoyunxing92/dingtalk/v2/request/update_ext_contact.go:59.44,62.2 2 1
github.com/zhaoyunxing92/dingtalk/v2/request/update_ext_contact.go:68.97,71.2 1 1
github.com/zhaoyunxing92/dingtalk/v2/request/update_ext_contact.go:73.84,76.2 2 1
github.com/zhaoyunxing92/dingtalk/v2/request/update_ext_contact.go:78.94,81.2 2 1
github.com/zhaoyunxing92/dingtalk/v2/request/update_ext_contact.go:83.88,86.2 2 1
github.com/zhaoyunxing92/dingtalk/v2/request/update_ext_contact.go:88.86,91.2 2 1
github.com/zhaoyunxing92/dingtalk/v2/request/update_ext_contact.go:94.89,97.2 2 1
github.com/zhaoyunxing92/dingtalk/v2/request/update_ext_contact.go:100.100,103.2 2 1
github.com/zhaoyunxing92/dingtalk/v2/request/update_ext_contact.go:105.62,110.2 4 1
github.com/zhaoyunxing92/dingtalk/v2/request/batch_delete_role.go:32.83,37.2 3 0
github.com/zhaoyunxing92/dingtalk/v2/request/send_msg.go:33.78,35.2 1 0
github.com/zhaoyunxing92/dingtalk/v2/request/re_auth_corp.go:29.61,31.2 1 0
github.com/zhaoyunxing92/dingtalk/v2/request/send_chat_msg.go:30.78,32.2 1 0
github.com/zhaoyunxing92/dingtalk/v2/request/un_active_corp.go:25.47,27.2 1 0
github.com/zhaoyunxing92/dingtalk/v2/request/dept_parent_by_dept.go:24.60,26.2 1 0
github.com/zhaoyunxing92/dingtalk/v2/request/get_ext_contact.go:28.56,30.2 1 0
